Using pre-set license
Built from '2020.2/staging' branch; Version is '2020.2.5f1 (e2c53f129de5) revision 14861631'; Using compiler version '192528614'; Build Type 'Release'
OS: 'Windows 10 Pro; OS build 19043.1200; Version 2009; 64bit' Language: 'en' Physical Memory: 16275 MB
BatchMode: 1, IsHumanControllingUs: 0, StartBugReporterOnCrash: 0, Is64bit: 1, IsPro: 0

 COMMAND LINE ARGUMENTS:
D:\UNITY\2020.2.5f1\Editor\Unity.exe
-adb2
-batchMode
-noUpm
-name
AssetImportWorker0
-projectPath
C:/Users/Perceptron/Documents/GitHub/ObjectPooling
-logFile
Logs/AssetImportWorker0.log
-srvPort
63825
Successfully changed project path to: C:/Users/Perceptron/Documents/GitHub/ObjectPooling
C:/Users/Perceptron/Documents/GitHub/ObjectPooling
Using Asset Import Pipeline V2.
Refreshing native plugins compatible for Editor in 31.24 ms, found 0 plugins.
Preloading 0 native plugins for Editor in 0.00 ms.
Initialize engine version: 2020.2.5f1 (e2c53f129de5)
[Subsystems] Discovering subsystems at path D:/UNITY/2020.2.5f1/Editor/Data/Resources/UnitySubsystems
[Subsystems] Discovering subsystems at path C:/Users/Perceptron/Documents/GitHub/ObjectPooling/Assets
GfxDevice: creating device client; threaded=0
Direct3D:
    Version:  Direct3D 11.0 [level 11.0]
    Renderer: NVIDIA GeForce GTX 960M (ID=0x139b)
    Vendor:   
    VRAM:     2010 MB
    Driver:   30.0.14.7212
Initialize mono
Mono path[0] = 'D:/UNITY/2020.2.5f1/Editor/Data/Managed'
Mono path[1] = 'D:/UNITY/2020.2.5f1/Editor/Data/MonoBleedingEdge/lib/mono/unityjit'
Mono config path = 'D:/UNITY/2020.2.5f1/Editor/Data/MonoBleedingEdge/etc'
Using monoOptions --debugger-agent=transport=dt_socket,embedding=1,server=y,suspend=n,address=127.0.0.1:56596
Begin MonoManager ReloadAssembly
Registering precompiled unity dll's ...
Register platform support module: D:/UNITY/2020.2.5f1/Editor/Data/PlaybackEngines/WindowsStandaloneSupport/UnityEditor.WindowsStandalone.Extensions.dll
Registered in 0.001654 seconds.
Native extension for WindowsStandalone target not found
Refreshing native plugins compatible for Editor in 23.73 ms, found 0 plugins.
Preloading 0 native plugins for Editor in 0.00 ms.
Invoked RoslynAnalysisRunner static constructor.
RoslynAnalysisRunner will not be running.
RoslynAnalysisRunner has terminated.
Mono: successfully reloaded assembly
- Completed reload, in  1.800 seconds
Platform modules already initialized, skipping
Registering precompiled user dll's ...
Registered in 0.000721 seconds.
Begin MonoManager ReloadAssembly
Native extension for WindowsStandalone target not found
Refreshing native plugins compatible for Editor in 0.40 ms, found 0 plugins.
Preloading 0 native plugins for Editor in 0.00 ms.
Invoked RoslynAnalysisRunner static constructor.
RoslynAnalysisRunner will not be running.
RoslynAnalysisRunner has terminated.
Mono: successfully reloaded assembly
- Completed reload, in  1.281 seconds
Platform modules already initialized, skipping
========================================================================
Worker process is ready to serve import requests
Launched and connected shader compiler UnityShaderCompiler.exe after 0.06 seconds
Refreshing native plugins compatible for Editor in 0.40 ms, found 0 plugins.
Preloading 0 native plugins for Editor in 0.00 ms.
Unloading 1111 Unused Serialized files (Serialized files now loaded: 0)
System memory in use before: 56.9 MB.
System memory in use after: 56.9 MB.

Unloading 10 unused Assets to reduce memory usage. Loaded Objects now: 1551.
Total: 2.144900 ms (FindLiveObjects: 0.197500 ms CreateObjectMapping: 0.044100 ms MarkObjects: 1.817200 ms  DeleteObjects: 0.084600 ms)

========================================================================
Received Import Request.
  path: Assets/Example1/Main.unity
  artifactKey: Guid(9fc0d4010bbf28b4594072e72b8655ab) Importer(815301076,1909f56bfc062723c751e8b465ee728b)
Start importing Assets/Example1/Main.unity using Guid(9fc0d4010bbf28b4594072e72b8655ab) Importer(815301076,1909f56bfc062723c751e8b465ee728b)  -> (artifact id: '15c0bab90b1d6cb689968eb0d0fdb79a') in 0.028680 seconds
  Import took 0.032791 seconds .

========================================================================
Received Prepare
Registering precompiled user dll's ...
Registered in 0.003664 seconds.
Begin MonoManager ReloadAssembly
Native extension for WindowsStandalone target not found
Refreshing native plugins compatible for Editor in 0.23 ms, found 0 plugins.
Preloading 0 native plugins for Editor in 0.00 ms.
Invoked RoslynAnalysisRunner static constructor.
RoslynAnalysisRunner will not be running.
RoslynAnalysisRunner has terminated.
Mono: successfully reloaded assembly
- Completed reload, in  0.964 seconds
Platform modules already initialized, skipping
Switching build target platform(5) subTarget(0) extendedPlatform(0) -> platform(13) subTarget(537395200) extendedPlatform(0)
Refreshing native plugins compatible for Editor in 0.25 ms, found 0 plugins.
Preloading 0 native plugins for Editor in 0.00 ms.
Unloading 1109 Unused Serialized files (Serialized files now loaded: 0)
System memory in use before: 56.8 MB.
System memory in use after: 56.9 MB.

Unloading 5 unused Assets to reduce memory usage. Loaded Objects now: 1553.
Total: 2.493500 ms (FindLiveObjects: 0.388200 ms CreateObjectMapping: 0.042700 ms MarkObjects: 1.979700 ms  DeleteObjects: 0.080000 ms)

AssetImportParameters requested are different than current active one (requested -> active):
  custom:graphics/normal-map-encoding: 01000000000000000000000000000000 -> 02000000000000000000000000000000
========================================================================
Received Import Request.
  Time since last request: 172.620316 seconds.
  path: Assets/Example2/Main2.unity
  artifactKey: Guid(6fccf4e560f86ad4bb181621575a15cb) Importer(815301076,1909f56bfc062723c751e8b465ee728b)
Start importing Assets/Example2/Main2.unity using Guid(6fccf4e560f86ad4bb181621575a15cb) Importer(815301076,1909f56bfc062723c751e8b465ee728b)  -> (artifact id: 'ea39adf133dc32cc103e7fb76c2b7e31') in 0.013444 seconds
  Import took 0.016040 seconds .

========================================================================
Received Import Request.
  Time since last request: 0.001935 seconds.
  path: Assets/Example2/Main2.unity
  artifactKey: Guid(6fccf4e560f86ad4bb181621575a15cb) Importer(815301076,1909f56bfc062723c751e8b465ee728b)
Start importing Assets/Example2/Main2.unity using Guid(6fccf4e560f86ad4bb181621575a15cb) Importer(815301076,1909f56bfc062723c751e8b465ee728b)  -> (artifact id: 'ea39adf133dc32cc103e7fb76c2b7e31') in 0.002835 seconds
  Import took 0.005269 seconds .

========================================================================
Received Prepare
Registering precompiled user dll's ...
Registered in 0.000577 seconds.
Begin MonoManager ReloadAssembly
Native extension for WindowsStandalone target not found
Refreshing native plugins compatible for Editor in 0.31 ms, found 0 plugins.
Preloading 0 native plugins for Editor in 0.00 ms.
Invoked RoslynAnalysisRunner static constructor.
RoslynAnalysisRunner will not be running.
RoslynAnalysisRunner has terminated.
Mono: successfully reloaded assembly
- Completed reload, in  1.001 seconds
Platform modules already initialized, skipping
Switching build target platform(5) subTarget(0) extendedPlatform(0) -> platform(13) subTarget(537395200) extendedPlatform(0)
Refreshing native plugins compatible for Editor in 0.23 ms, found 0 plugins.
Preloading 0 native plugins for Editor in 0.00 ms.
Unloading 1109 Unused Serialized files (Serialized files now loaded: 0)
System memory in use before: 56.8 MB.
System memory in use after: 56.9 MB.

Unloading 5 unused Assets to reduce memory usage. Loaded Objects now: 1555.
Total: 3.137300 ms (FindLiveObjects: 0.240100 ms CreateObjectMapping: 0.097100 ms MarkObjects: 2.674300 ms  DeleteObjects: 0.122300 ms)

AssetImportParameters requested are different than current active one (requested -> active):
  custom:graphics/normal-map-encoding: 01000000000000000000000000000000 -> 02000000000000000000000000000000
========================================================================
Received Import Request.
  Time since last request: 240.850365 seconds.
  path: Assets/Example1/Main.unity
  artifactKey: Guid(9fc0d4010bbf28b4594072e72b8655ab) Importer(815301076,1909f56bfc062723c751e8b465ee728b)
Start importing Assets/Example1/Main.unity using Guid(9fc0d4010bbf28b4594072e72b8655ab) Importer(815301076,1909f56bfc062723c751e8b465ee728b)  -> (artifact id: 'e960f3551cc3c5aa53c82d1e9404aa9a') in 0.015150 seconds
  Import took 0.017395 seconds .

========================================================================
Received Prepare
Registering precompiled user dll's ...
Registered in 0.000737 seconds.
Begin MonoManager ReloadAssembly
Native extension for WindowsStandalone target not found
Refreshing native plugins compatible for Editor in 0.23 ms, found 0 plugins.
Preloading 0 native plugins for Editor in 0.00 ms.
Invoked RoslynAnalysisRunner static constructor.
RoslynAnalysisRunner will not be running.
RoslynAnalysisRunner has terminated.
Mono: successfully reloaded assembly
- Completed reload, in  0.963 seconds
Platform modules already initialized, skipping
Switching build target platform(5) subTarget(0) extendedPlatform(0) -> platform(13) subTarget(537395200) extendedPlatform(0)
Refreshing native plugins compatible for Editor in 0.23 ms, found 0 plugins.
Preloading 0 native plugins for Editor in 0.00 ms.
Unloading 1109 Unused Serialized files (Serialized files now loaded: 0)
System memory in use before: 56.9 MB.
System memory in use after: 56.9 MB.

Unloading 5 unused Assets to reduce memory usage. Loaded Objects now: 1557.
Total: 2.458700 ms (FindLiveObjects: 0.315900 ms CreateObjectMapping: 0.135300 ms MarkObjects: 1.929500 ms  DeleteObjects: 0.075600 ms)

AssetImportParameters requested are different than current active one (requested -> active):
  custom:graphics/normal-map-encoding: 01000000000000000000000000000000 -> 02000000000000000000000000000000
========================================================================
Received Import Request.
  Time since last request: 22.652871 seconds.
  path: Assets/Example1/Cube.prefab
  artifactKey: Guid(4671a67bea7cc5f4fa5081078f0c2fb3) Importer(815301076,1909f56bfc062723c751e8b465ee728b)
Start importing Assets/Example1/Cube.prefab using Guid(4671a67bea7cc5f4fa5081078f0c2fb3) Importer(815301076,1909f56bfc062723c751e8b465ee728b)  -> (artifact id: 'bf7980aa8cf15b0a6a17751488fee515') in 0.165229 seconds
  Import took 0.167498 seconds .

========================================================================
Received Import Request.
  Time since last request: 2.912514 seconds.
  path: Assets/Example1/Cube.prefab
  artifactKey: Guid(4671a67bea7cc5f4fa5081078f0c2fb3) Importer(815301076,1909f56bfc062723c751e8b465ee728b)
Start importing Assets/Example1/Cube.prefab using Guid(4671a67bea7cc5f4fa5081078f0c2fb3) Importer(815301076,1909f56bfc062723c751e8b465ee728b)  -> (artifact id: 'f616fbcca73af8467b0a0f7514b400be') in 0.012337 seconds
  Import took 0.014545 seconds .

========================================================================
Received Import Request.
  Time since last request: 4.176437 seconds.
  path: Assets/Example1/Cube.prefab
  artifactKey: Guid(4671a67bea7cc5f4fa5081078f0c2fb3) Importer(815301076,1909f56bfc062723c751e8b465ee728b)
Start importing Assets/Example1/Cube.prefab using Guid(4671a67bea7cc5f4fa5081078f0c2fb3) Importer(815301076,1909f56bfc062723c751e8b465ee728b)  -> (artifact id: '65cc82541f2a464887f19dd4f9e78e07') in 0.013407 seconds
  Import took 0.017237 seconds .

========================================================================
Received Prepare
Registering precompiled user dll's ...
Registered in 0.000744 seconds.
Begin MonoManager ReloadAssembly
Native extension for WindowsStandalone target not found
Refreshing native plugins compatible for Editor in 0.59 ms, found 0 plugins.
Preloading 0 native plugins for Editor in 0.00 ms.
Invoked RoslynAnalysisRunner static constructor.
RoslynAnalysisRunner will not be running.
RoslynAnalysisRunner has terminated.
Mono: successfully reloaded assembly
- Completed reload, in  0.951 seconds
Platform modules already initialized, skipping
Switching build target platform(5) subTarget(0) extendedPlatform(0) -> platform(13) subTarget(537395200) extendedPlatform(0)
Refreshing native plugins compatible for Editor in 0.26 ms, found 0 plugins.
Preloading 0 native plugins for Editor in 0.00 ms.
Unloading 1109 Unused Serialized files (Serialized files now loaded: 0)
System memory in use before: 60.0 MB.
System memory in use after: 60.1 MB.

Unloading 5 unused Assets to reduce memory usage. Loaded Objects now: 1567.
Total: 2.295800 ms (FindLiveObjects: 0.338000 ms CreateObjectMapping: 0.108700 ms MarkObjects: 1.791400 ms  DeleteObjects: 0.056100 ms)

AssetImportParameters requested are different than current active one (requested -> active):
  custom:graphics/normal-map-encoding: 01000000000000000000000000000000 -> 02000000000000000000000000000000
========================================================================
Received Import Request.
  Time since last request: 125.733065 seconds.
  path: Assets/Example2/FirstControl.cs
  artifactKey: Guid(d02df3e5a2c749345922e9aa6a91944f) Importer(815301076,1909f56bfc062723c751e8b465ee728b)
Start importing Assets/Example2/FirstControl.cs using Guid(d02df3e5a2c749345922e9aa6a91944f) Importer(815301076,1909f56bfc062723c751e8b465ee728b)  -> (artifact id: 'da86f90c28413077ac40dfe881f6e9db') in 0.006644 seconds
  Import took 0.011322 seconds .

========================================================================
Received Import Request.
  Time since last request: 2.074212 seconds.
  path: Assets/Example2/SecondControl.cs
  artifactKey: Guid(27a6fcd94b45d144190a39bab2a573a6) Importer(815301076,1909f56bfc062723c751e8b465ee728b)
Start importing Assets/Example2/SecondControl.cs using Guid(27a6fcd94b45d144190a39bab2a573a6) Importer(815301076,1909f56bfc062723c751e8b465ee728b)  -> (artifact id: '7e23b854dbf482306204603f09e3ad87') in 0.001265 seconds
  Import took 0.003353 seconds .

========================================================================
Received Import Request.
  Time since last request: 0.387884 seconds.
  path: Assets/Example2/SecondControl.cs
  artifactKey: Guid(27a6fcd94b45d144190a39bab2a573a6) Importer(815301076,1909f56bfc062723c751e8b465ee728b)
Start importing Assets/Example2/SecondControl.cs using Guid(27a6fcd94b45d144190a39bab2a573a6) Importer(815301076,1909f56bfc062723c751e8b465ee728b)  -> (artifact id: '7e23b854dbf482306204603f09e3ad87') in 0.001802 seconds
  Import took 0.004156 seconds .

========================================================================
Received Import Request.
  Time since last request: 1.533595 seconds.
  path: Assets/Example2/CubePrefab.cs
  artifactKey: Guid(58dd3b5859deb4b4dae63aefa3f003c1) Importer(815301076,1909f56bfc062723c751e8b465ee728b)
Start importing Assets/Example2/CubePrefab.cs using Guid(58dd3b5859deb4b4dae63aefa3f003c1) Importer(815301076,1909f56bfc062723c751e8b465ee728b)  -> (artifact id: '383115fc5c5549ea87af85c2a5d7cbb6') in 0.001329 seconds
  Import took 0.003575 seconds .

========================================================================
Received Import Request.
  Time since last request: 0.004910 seconds.
  path: Assets/Example2/CubePrefab.cs
  artifactKey: Guid(58dd3b5859deb4b4dae63aefa3f003c1) Importer(815301076,1909f56bfc062723c751e8b465ee728b)
Start importing Assets/Example2/CubePrefab.cs using Guid(58dd3b5859deb4b4dae63aefa3f003c1) Importer(815301076,1909f56bfc062723c751e8b465ee728b)  -> (artifact id: '383115fc5c5549ea87af85c2a5d7cbb6') in 0.001391 seconds
  Import took 0.003763 seconds .

========================================================================
Received Prepare
Registering precompiled user dll's ...
Registered in 0.000538 seconds.
Begin MonoManager ReloadAssembly
Native extension for WindowsStandalone target not found
Refreshing native plugins compatible for Editor in 0.28 ms, found 0 plugins.
Preloading 0 native plugins for Editor in 0.00 ms.
Invoked RoslynAnalysisRunner static constructor.
RoslynAnalysisRunner will not be running.
RoslynAnalysisRunner has terminated.
Mono: successfully reloaded assembly
- Completed reload, in  1.257 seconds
Platform modules already initialized, skipping
Switching build target platform(5) subTarget(0) extendedPlatform(0) -> platform(13) subTarget(537395200) extendedPlatform(0)
Refreshing native plugins compatible for Editor in 0.25 ms, found 0 plugins.
Preloading 0 native plugins for Editor in 0.00 ms.
Unloading 1109 Unused Serialized files (Serialized files now loaded: 0)
System memory in use before: 60.0 MB.
System memory in use after: 60.1 MB.

Unloading 5 unused Assets to reduce memory usage. Loaded Objects now: 1569.
Total: 3.021500 ms (FindLiveObjects: 0.239200 ms CreateObjectMapping: 0.098000 ms MarkObjects: 2.617600 ms  DeleteObjects: 0.065300 ms)

AssetImportParameters requested are different than current active one (requested -> active):
  custom:graphics/normal-map-encoding: 01000000000000000000000000000000 -> 02000000000000000000000000000000
========================================================================
Received Import Request.
  Time since last request: 221.002784 seconds.
  path: Assets/Example1/Cube.prefab
  artifactKey: Guid(4671a67bea7cc5f4fa5081078f0c2fb3) Importer(815301076,1909f56bfc062723c751e8b465ee728b)
Start importing Assets/Example1/Cube.prefab using Guid(4671a67bea7cc5f4fa5081078f0c2fb3) Importer(815301076,1909f56bfc062723c751e8b465ee728b)  -> (artifact id: 'd2891c0370bb3c0b923331f66794ba2d') in 0.098264 seconds
  Import took 0.101654 seconds .

========================================================================
Received Prepare
Registering precompiled user dll's ...
Registered in 0.000598 seconds.
Begin MonoManager ReloadAssembly
Native extension for WindowsStandalone target not found
Refreshing native plugins compatible for Editor in 0.73 ms, found 0 plugins.
Preloading 0 native plugins for Editor in 0.00 ms.
Invoked RoslynAnalysisRunner static constructor.
RoslynAnalysisRunner will not be running.
RoslynAnalysisRunner has terminated.
Mono: successfully reloaded assembly
- Completed reload, in  1.275 seconds
Platform modules already initialized, skipping
Switching build target platform(5) subTarget(0) extendedPlatform(0) -> platform(13) subTarget(537395200) extendedPlatform(0)
Refreshing native plugins compatible for Editor in 0.23 ms, found 0 plugins.
Preloading 0 native plugins for Editor in 0.00 ms.
Unloading 1109 Unused Serialized files (Serialized files now loaded: 0)
System memory in use before: 60.1 MB.
System memory in use after: 60.1 MB.

Unloading 5 unused Assets to reduce memory usage. Loaded Objects now: 1572.
Total: 2.009200 ms (FindLiveObjects: 0.202700 ms CreateObjectMapping: 0.081300 ms MarkObjects: 1.674200 ms  DeleteObjects: 0.049300 ms)

AssetImportParameters requested are different than current active one (requested -> active):
  custom:graphics/normal-map-encoding: 01000000000000000000000000000000 -> 02000000000000000000000000000000
========================================================================
Received Import Request.
  Time since last request: 14.505726 seconds.
  path: Assets/Example1/Cube.prefab
  artifactKey: Guid(4671a67bea7cc5f4fa5081078f0c2fb3) Importer(815301076,1909f56bfc062723c751e8b465ee728b)
Start importing Assets/Example1/Cube.prefab using Guid(4671a67bea7cc5f4fa5081078f0c2fb3) Importer(815301076,1909f56bfc062723c751e8b465ee728b)  -> (artifact id: '8e4b8b792edf664af1018b0c8d98d4d9') in 0.097364 seconds
  Import took 0.101333 seconds .

========================================================================
Received Import Request.
  Time since last request: 3.012880 seconds.
  path: Assets/Example1/Cube.prefab
  artifactKey: Guid(4671a67bea7cc5f4fa5081078f0c2fb3) Importer(815301076,1909f56bfc062723c751e8b465ee728b)
Start importing Assets/Example1/Cube.prefab using Guid(4671a67bea7cc5f4fa5081078f0c2fb3) Importer(815301076,1909f56bfc062723c751e8b465ee728b)  -> (artifact id: 'aa4a8e76e546fc2edc87a908f27c9aac') in 0.012320 seconds
  Import took 0.015039 seconds .

========================================================================
Received Import Request.
  Time since last request: 3.527179 seconds.
  path: Assets/Example1/Cube.prefab
  artifactKey: Guid(4671a67bea7cc5f4fa5081078f0c2fb3) Importer(815301076,1909f56bfc062723c751e8b465ee728b)
Start importing Assets/Example1/Cube.prefab using Guid(4671a67bea7cc5f4fa5081078f0c2fb3) Importer(815301076,1909f56bfc062723c751e8b465ee728b)  -> (artifact id: 'b091fd88528c55491b5fb3fb7498970c') in 0.011231 seconds
  Import took 0.014978 seconds .

========================================================================
Received Import Request.
  Time since last request: 5.452147 seconds.
  path: Assets/Example1/Cube.prefab
  artifactKey: Guid(4671a67bea7cc5f4fa5081078f0c2fb3) Importer(815301076,1909f56bfc062723c751e8b465ee728b)
Start importing Assets/Example1/Cube.prefab using Guid(4671a67bea7cc5f4fa5081078f0c2fb3) Importer(815301076,1909f56bfc062723c751e8b465ee728b)  -> (artifact id: '6662cbb1fe3d4499b3618838e666d36f') in 0.009742 seconds
  Import took 0.013196 seconds .

========================================================================
Received Prepare
Registering precompiled user dll's ...
Registered in 0.000535 seconds.
Begin MonoManager ReloadAssembly
Native extension for WindowsStandalone target not found
Refreshing native plugins compatible for Editor in 0.22 ms, found 0 plugins.
Preloading 0 native plugins for Editor in 0.00 ms.
Invoked RoslynAnalysisRunner static constructor.
RoslynAnalysisRunner will not be running.
RoslynAnalysisRunner has terminated.
Mono: successfully reloaded assembly
- Completed reload, in  0.960 seconds
Platform modules already initialized, skipping
Switching build target platform(5) subTarget(0) extendedPlatform(0) -> platform(13) subTarget(537395200) extendedPlatform(0)
Refreshing native plugins compatible for Editor in 0.24 ms, found 0 plugins.
Preloading 0 native plugins for Editor in 0.00 ms.
Unloading 1109 Unused Serialized files (Serialized files now loaded: 0)
System memory in use before: 60.1 MB.
System memory in use after: 60.2 MB.

Unloading 5 unused Assets to reduce memory usage. Loaded Objects now: 1575.
Total: 2.018000 ms (FindLiveObjects: 0.188200 ms CreateObjectMapping: 0.069900 ms MarkObjects: 1.667400 ms  DeleteObjects: 0.090900 ms)

AssetImportParameters requested are different than current active one (requested -> active):
  custom:graphics/normal-map-encoding: 01000000000000000000000000000000 -> 02000000000000000000000000000000
========================================================================
Received Import Request.
  Time since last request: 11.975050 seconds.
  path: Assets/Example1/Cube.prefab
  artifactKey: Guid(4671a67bea7cc5f4fa5081078f0c2fb3) Importer(815301076,1909f56bfc062723c751e8b465ee728b)
Start importing Assets/Example1/Cube.prefab using Guid(4671a67bea7cc5f4fa5081078f0c2fb3) Importer(815301076,1909f56bfc062723c751e8b465ee728b)  -> (artifact id: 'e0b6ad1c5a4a09247b42ce466384b3d9') in 0.065375 seconds
  Import took 0.067816 seconds .

========================================================================
Received Import Request.
  Time since last request: 1.595530 seconds.
  path: Assets/Example1/Cube.prefab
  artifactKey: Guid(4671a67bea7cc5f4fa5081078f0c2fb3) Importer(815301076,1909f56bfc062723c751e8b465ee728b)
Start importing Assets/Example1/Cube.prefab using Guid(4671a67bea7cc5f4fa5081078f0c2fb3) Importer(815301076,1909f56bfc062723c751e8b465ee728b)  -> (artifact id: 'e0b6ad1c5a4a09247b42ce466384b3d9') in 0.006648 seconds
  Import took 0.009022 seconds .

========================================================================
Received Prepare
Registering precompiled user dll's ...
Registered in 0.000508 seconds.
Begin MonoManager ReloadAssembly
Native extension for WindowsStandalone target not found
Refreshing native plugins compatible for Editor in 0.33 ms, found 0 plugins.
Preloading 0 native plugins for Editor in 0.00 ms.
Invoked RoslynAnalysisRunner static constructor.
RoslynAnalysisRunner will not be running.
RoslynAnalysisRunner has terminated.
Mono: successfully reloaded assembly
- Completed reload, in  1.348 seconds
Platform modules already initialized, skipping
Switching build target platform(5) subTarget(0) extendedPlatform(0) -> platform(13) subTarget(537395200) extendedPlatform(0)
Refreshing native plugins compatible for Editor in 0.26 ms, found 0 plugins.
Preloading 0 native plugins for Editor in 0.00 ms.
Unloading 1109 Unused Serialized files (Serialized files now loaded: 0)
System memory in use before: 60.1 MB.
System memory in use after: 60.2 MB.

Unloading 5 unused Assets to reduce memory usage. Loaded Objects now: 1578.
Total: 2.297900 ms (FindLiveObjects: 0.197200 ms CreateObjectMapping: 0.077800 ms MarkObjects: 1.852200 ms  DeleteObjects: 0.167900 ms)

AssetImportParameters requested are different than current active one (requested -> active):
  custom:graphics/normal-map-encoding: 01000000000000000000000000000000 -> 02000000000000000000000000000000
========================================================================
Received Import Request.
  Time since last request: 13.624062 seconds.
  path: Assets/Example1/Cube.prefab
  artifactKey: Guid(4671a67bea7cc5f4fa5081078f0c2fb3) Importer(815301076,1909f56bfc062723c751e8b465ee728b)
Start importing Assets/Example1/Cube.prefab using Guid(4671a67bea7cc5f4fa5081078f0c2fb3) Importer(815301076,1909f56bfc062723c751e8b465ee728b)  -> (artifact id: '11edca4f7418822a3ac2092527c7017c') in 0.093781 seconds
  Import took 0.097073 seconds .

========================================================================
Received Import Request.
  Time since last request: 6.189414 seconds.
  path: Assets/Example1/Cube.prefab
  artifactKey: Guid(4671a67bea7cc5f4fa5081078f0c2fb3) Importer(815301076,1909f56bfc062723c751e8b465ee728b)
Start importing Assets/Example1/Cube.prefab using Guid(4671a67bea7cc5f4fa5081078f0c2fb3) Importer(815301076,1909f56bfc062723c751e8b465ee728b)  -> (artifact id: 'ed45c8c319a75421c28d8c6b780d5b9e') in 0.009764 seconds
  Import took 0.012610 seconds .

========================================================================
Received Prepare
Registering precompiled user dll's ...
Registered in 0.000511 seconds.
Begin MonoManager ReloadAssembly
Native extension for WindowsStandalone target not found
Refreshing native plugins compatible for Editor in 0.27 ms, found 0 plugins.
Preloading 0 native plugins for Editor in 0.00 ms.
Invoked RoslynAnalysisRunner static constructor.
RoslynAnalysisRunner will not be running.
RoslynAnalysisRunner has terminated.
Mono: successfully reloaded assembly
- Completed reload, in  1.065 seconds
Platform modules already initialized, skipping
Switching build target platform(5) subTarget(0) extendedPlatform(0) -> platform(13) subTarget(537395200) extendedPlatform(0)
Refreshing native plugins compatible for Editor in 0.24 ms, found 0 plugins.
Preloading 0 native plugins for Editor in 0.00 ms.
Unloading 1109 Unused Serialized files (Serialized files now loaded: 0)
System memory in use before: 60.1 MB.
System memory in use after: 60.2 MB.

Unloading 5 unused Assets to reduce memory usage. Loaded Objects now: 1581.
Total: 2.670000 ms (FindLiveObjects: 0.192700 ms CreateObjectMapping: 0.085500 ms MarkObjects: 2.318800 ms  DeleteObjects: 0.070900 ms)

AssetImportParameters requested are different than current active one (requested -> active):
  custom:graphics/normal-map-encoding: 01000000000000000000000000000000 -> 02000000000000000000000000000000
========================================================================
Received Prepare
Registering precompiled user dll's ...
Registered in 0.000514 seconds.
Begin MonoManager ReloadAssembly
Native extension for WindowsStandalone target not found
Refreshing native plugins compatible for Editor in 0.24 ms, found 0 plugins.
Preloading 0 native plugins for Editor in 0.00 ms.
Invoked RoslynAnalysisRunner static constructor.
RoslynAnalysisRunner will not be running.
RoslynAnalysisRunner has terminated.
Mono: successfully reloaded assembly
- Completed reload, in  1.019 seconds
Platform modules already initialized, skipping
Switching build target platform(5) subTarget(0) extendedPlatform(0) -> platform(13) subTarget(537395200) extendedPlatform(0)
Refreshing native plugins compatible for Editor in 0.22 ms, found 0 plugins.
Preloading 0 native plugins for Editor in 0.00 ms.
Unloading 1109 Unused Serialized files (Serialized files now loaded: 0)
System memory in use before: 60.1 MB.
System memory in use after: 60.2 MB.

Unloading 5 unused Assets to reduce memory usage. Loaded Objects now: 1583.
Total: 2.666400 ms (FindLiveObjects: 0.419700 ms CreateObjectMapping: 0.056600 ms MarkObjects: 2.119000 ms  DeleteObjects: 0.068600 ms)

AssetImportParameters requested are different than current active one (requested -> active):
  custom:graphics/normal-map-encoding: 01000000000000000000000000000000 -> 02000000000000000000000000000000
========================================================================
Received Prepare
Registering precompiled user dll's ...
Registered in 0.000519 seconds.
Begin MonoManager ReloadAssembly
Native extension for WindowsStandalone target not found
Refreshing native plugins compatible for Editor in 0.38 ms, found 0 plugins.
Preloading 0 native plugins for Editor in 0.00 ms.
Invoked RoslynAnalysisRunner static constructor.
RoslynAnalysisRunner will not be running.
RoslynAnalysisRunner has terminated.
Mono: successfully reloaded assembly
- Completed reload, in  1.077 seconds
Platform modules already initialized, skipping
Switching build target platform(5) subTarget(0) extendedPlatform(0) -> platform(13) subTarget(537395200) extendedPlatform(0)
Refreshing native plugins compatible for Editor in 0.44 ms, found 0 plugins.
Preloading 0 native plugins for Editor in 0.00 ms.
Unloading 1109 Unused Serialized files (Serialized files now loaded: 0)
System memory in use before: 60.1 MB.
System memory in use after: 60.2 MB.

Unloading 5 unused Assets to reduce memory usage. Loaded Objects now: 1585.
Total: 2.238800 ms (FindLiveObjects: 0.228500 ms CreateObjectMapping: 0.066200 ms MarkObjects: 1.888800 ms  DeleteObjects: 0.053800 ms)

AssetImportParameters requested are different than current active one (requested -> active):
  custom:graphics/normal-map-encoding: 01000000000000000000000000000000 -> 02000000000000000000000000000000
========================================================================
Received Import Request.
  Time since last request: 313.887861 seconds.
  path: Assets/Example2/SecondControl.cs
  artifactKey: Guid(27a6fcd94b45d144190a39bab2a573a6) Importer(815301076,1909f56bfc062723c751e8b465ee728b)
Start importing Assets/Example2/SecondControl.cs using Guid(27a6fcd94b45d144190a39bab2a573a6) Importer(815301076,1909f56bfc062723c751e8b465ee728b)  -> (artifact id: '8603e5921302ddeee72385b7aaaf3b97') in 0.007248 seconds
  Import took 0.011171 seconds .

========================================================================
Received Prepare
Registering precompiled user dll's ...
Registered in 0.000593 seconds.
Begin MonoManager ReloadAssembly
Native extension for WindowsStandalone target not found
Refreshing native plugins compatible for Editor in 0.28 ms, found 0 plugins.
Preloading 0 native plugins for Editor in 0.00 ms.
Invoked RoslynAnalysisRunner static constructor.
RoslynAnalysisRunner will not be running.
RoslynAnalysisRunner has terminated.
Mono: successfully reloaded assembly
- Completed reload, in  1.093 seconds
Platform modules already initialized, skipping
Switching build target platform(5) subTarget(0) extendedPlatform(0) -> platform(13) subTarget(537395200) extendedPlatform(0)
Refreshing native plugins compatible for Editor in 0.21 ms, found 0 plugins.
Preloading 0 native plugins for Editor in 0.00 ms.
Unloading 1109 Unused Serialized files (Serialized files now loaded: 0)
System memory in use before: 60.1 MB.
System memory in use after: 60.2 MB.

Unloading 5 unused Assets to reduce memory usage. Loaded Objects now: 1587.
Total: 1.915300 ms (FindLiveObjects: 0.185100 ms CreateObjectMapping: 0.040400 ms MarkObjects: 1.615700 ms  DeleteObjects: 0.072300 ms)

AssetImportParameters requested are different than current active one (requested -> active):
  custom:graphics/normal-map-encoding: 01000000000000000000000000000000 -> 02000000000000000000000000000000
========================================================================
Received Prepare
Registering precompiled user dll's ...
Registered in 0.000574 seconds.
Begin MonoManager ReloadAssembly
Native extension for WindowsStandalone target not found
Refreshing native plugins compatible for Editor in 0.46 ms, found 0 plugins.
Preloading 0 native plugins for Editor in 0.00 ms.
Invoked RoslynAnalysisRunner static constructor.
RoslynAnalysisRunner will not be running.
RoslynAnalysisRunner has terminated.
Mono: successfully reloaded assembly
- Completed reload, in  0.983 seconds
Platform modules already initialized, skipping
Switching build target platform(5) subTarget(0) extendedPlatform(0) -> platform(13) subTarget(537395200) extendedPlatform(0)
Refreshing native plugins compatible for Editor in 0.25 ms, found 0 plugins.
Preloading 0 native plugins for Editor in 0.00 ms.
Unloading 1109 Unused Serialized files (Serialized files now loaded: 0)
System memory in use before: 60.1 MB.
System memory in use after: 60.2 MB.

Unloading 5 unused Assets to reduce memory usage. Loaded Objects now: 1589.
Total: 3.282900 ms (FindLiveObjects: 0.761100 ms CreateObjectMapping: 0.329700 ms MarkObjects: 2.100400 ms  DeleteObjects: 0.084600 ms)

AssetImportParameters requested are different than current active one (requested -> active):
  custom:graphics/normal-map-encoding: 01000000000000000000000000000000 -> 02000000000000000000000000000000
========================================================================
Received Prepare
Registering precompiled user dll's ...
Registered in 0.000868 seconds.
Begin MonoManager ReloadAssembly
Native extension for WindowsStandalone target not found
Refreshing native plugins compatible for Editor in 0.50 ms, found 0 plugins.
Preloading 0 native plugins for Editor in 0.00 ms.
Invoked RoslynAnalysisRunner static constructor.
RoslynAnalysisRunner will not be running.
RoslynAnalysisRunner has terminated.
Mono: successfully reloaded assembly
- Completed reload, in  1.481 seconds
Platform modules already initialized, skipping
Switching build target platform(5) subTarget(0) extendedPlatform(0) -> platform(13) subTarget(537395200) extendedPlatform(0)
Refreshing native plugins compatible for Editor in 0.40 ms, found 0 plugins.
Preloading 0 native plugins for Editor in 0.00 ms.
Unloading 1109 Unused Serialized files (Serialized files now loaded: 0)
System memory in use before: 60.1 MB.
System memory in use after: 60.2 MB.

Unloading 5 unused Assets to reduce memory usage. Loaded Objects now: 1591.
Total: 4.550900 ms (FindLiveObjects: 0.280300 ms CreateObjectMapping: 0.100500 ms MarkObjects: 4.094400 ms  DeleteObjects: 0.073800 ms)

AssetImportParameters requested are different than current active one (requested -> active):
  custom:graphics/normal-map-encoding: 01000000000000000000000000000000 -> 02000000000000000000000000000000
========================================================================
Received Prepare
Registering precompiled user dll's ...
Registered in 0.000639 seconds.
Begin MonoManager ReloadAssembly
Native extension for WindowsStandalone target not found
Refreshing native plugins compatible for Editor in 0.23 ms, found 0 plugins.
Preloading 0 native plugins for Editor in 0.00 ms.
Invoked RoslynAnalysisRunner static constructor.
RoslynAnalysisRunner will not be running.
RoslynAnalysisRunner has terminated.
Mono: successfully reloaded assembly
- Completed reload, in  1.214 seconds
Platform modules already initialized, skipping
Switching build target platform(5) subTarget(0) extendedPlatform(0) -> platform(13) subTarget(537395200) extendedPlatform(0)
Refreshing native plugins compatible for Editor in 0.23 ms, found 0 plugins.
Preloading 0 native plugins for Editor in 0.00 ms.
Unloading 1109 Unused Serialized files (Serialized files now loaded: 0)
System memory in use before: 60.1 MB.
System memory in use after: 60.2 MB.

Unloading 5 unused Assets to reduce memory usage. Loaded Objects now: 1593.
Total: 3.364900 ms (FindLiveObjects: 0.791300 ms CreateObjectMapping: 0.197100 ms MarkObjects: 2.297200 ms  DeleteObjects: 0.074000 ms)

AssetImportParameters requested are different than current active one (requested -> active):
  custom:graphics/normal-map-encoding: 01000000000000000000000000000000 -> 02000000000000000000000000000000
AssetImportWorkerClient::OnTransportError - code=2 error=End of file
