Using pre-set license
Built from '2020.2/staging' branch; Version is '2020.2.5f1 (e2c53f129de5) revision 14861631'; Using compiler version '192528614'; Build Type 'Release'
OS: 'Windows 10 Pro; OS build 19044.1288; Version 2009; 64bit' Language: 'en' Physical Memory: 16275 MB
BatchMode: 1, IsHumanControllingUs: 0, StartBugReporterOnCrash: 0, Is64bit: 1, IsPro: 0

 COMMAND LINE ARGUMENTS:
C:\Program Files\Unity\Hub\Editor\2020.2.5f1\Editor\Unity.exe
-adb2
-batchMode
-noUpm
-name
AssetImportWorker0
-projectPath
C:/Users/Perceptron/Documents/GitHub/ObjectPooling
-logFile
Logs/AssetImportWorker0.log
-srvPort
62481
Successfully changed project path to: C:/Users/Perceptron/Documents/GitHub/ObjectPooling
C:/Users/Perceptron/Documents/GitHub/ObjectPooling
Using Asset Import Pipeline V2.
Refreshing native plugins compatible for Editor in 35.62 ms, found 0 plugins.
Preloading 0 native plugins for Editor in 0.00 ms.
Initialize engine version: 2020.2.5f1 (e2c53f129de5)
[Subsystems] Discovering subsystems at path C:/Program Files/Unity/Hub/Editor/2020.2.5f1/Editor/Data/Resources/UnitySubsystems
[Subsystems] Discovering subsystems at path C:/Users/Perceptron/Documents/GitHub/ObjectPooling/Assets
GfxDevice: creating device client; threaded=0
Direct3D:
    Version:  Direct3D 11.0 [level 11.0]
    Renderer: NVIDIA GeForce GTX 960M (ID=0x139b)
    Vendor:   
    VRAM:     2010 MB
    Driver:   30.0.14.9709
Initialize mono
Mono path[0] = 'C:/Program Files/Unity/Hub/Editor/2020.2.5f1/Editor/Data/Managed'
Mono path[1] = 'C:/Program Files/Unity/Hub/Editor/2020.2.5f1/Editor/Data/MonoBleedingEdge/lib/mono/unityjit'
Mono config path = 'C:/Program Files/Unity/Hub/Editor/2020.2.5f1/Editor/Data/MonoBleedingEdge/etc'
Using monoOptions --debugger-agent=transport=dt_socket,embedding=1,server=y,suspend=n,address=127.0.0.1:56032
Begin MonoManager ReloadAssembly
Registering precompiled unity dll's ...
Register platform support module: C:/Program Files/Unity/Hub/Editor/2020.2.5f1/Editor/Data/PlaybackEngines/WindowsStandaloneSupport/UnityEditor.WindowsStandalone.Extensions.dll
Registered in 0.002442 seconds.
Native extension for WindowsStandalone target not found
Refreshing native plugins compatible for Editor in 42.61 ms, found 0 plugins.
Preloading 0 native plugins for Editor in 0.00 ms.
Invoked RoslynAnalysisRunner static constructor.
RoslynAnalysisRunner will not be running.
RoslynAnalysisRunner has terminated.
Mono: successfully reloaded assembly
- Completed reload, in  3.345 seconds
Platform modules already initialized, skipping
Registering precompiled user dll's ...
Registered in 0.000723 seconds.
Begin MonoManager ReloadAssembly
Native extension for WindowsStandalone target not found
Refreshing native plugins compatible for Editor in 0.29 ms, found 0 plugins.
Preloading 0 native plugins for Editor in 0.00 ms.
Invoked RoslynAnalysisRunner static constructor.
RoslynAnalysisRunner will not be running.
RoslynAnalysisRunner has terminated.
Mono: successfully reloaded assembly
- Completed reload, in  1.045 seconds
Platform modules already initialized, skipping
========================================================================
Worker process is ready to serve import requests
Launched and connected shader compiler UnityShaderCompiler.exe after 0.05 seconds
Refreshing native plugins compatible for Editor in 0.43 ms, found 0 plugins.
Preloading 0 native plugins for Editor in 0.00 ms.
Unloading 1110 Unused Serialized files (Serialized files now loaded: 0)
System memory in use before: 56.8 MB.
System memory in use after: 56.9 MB.

Unloading 9 unused Assets to reduce memory usage. Loaded Objects now: 1552.
Total: 2.089100 ms (FindLiveObjects: 0.146900 ms CreateObjectMapping: 0.040700 ms MarkObjects: 1.813200 ms  DeleteObjects: 0.086200 ms)

========================================================================
Received Import Request.
  path: Assets/Example1/Cube.cs
  artifactKey: Guid(6231e40a434853b4da00fb1d74279d51) Importer(815301076,1909f56bfc062723c751e8b465ee728b)
Start importing Assets/Example1/Cube.cs using Guid(6231e40a434853b4da00fb1d74279d51) Importer(815301076,1909f56bfc062723c751e8b465ee728b)  -> (artifact id: '95fe2ebbf26c0b744de4db1e363cbf1f') in 0.026148 seconds
  Import took 0.028590 seconds .

========================================================================
Received Import Request.
  Time since last request: 659.570375 seconds.
  path: Assets/Example2/FirstControl.cs
  artifactKey: Guid(d02df3e5a2c749345922e9aa6a91944f) Importer(815301076,1909f56bfc062723c751e8b465ee728b)
Start importing Assets/Example2/FirstControl.cs using Guid(d02df3e5a2c749345922e9aa6a91944f) Importer(815301076,1909f56bfc062723c751e8b465ee728b)  -> (artifact id: 'f195db82cfd494759223024b084cd956') in 0.003159 seconds
  Import took 0.007742 seconds .

========================================================================
Received Import Request.
  Time since last request: 0.746910 seconds.
  path: Assets/Example2/SecondControl.cs
  artifactKey: Guid(27a6fcd94b45d144190a39bab2a573a6) Importer(815301076,1909f56bfc062723c751e8b465ee728b)
Start importing Assets/Example2/SecondControl.cs using Guid(27a6fcd94b45d144190a39bab2a573a6) Importer(815301076,1909f56bfc062723c751e8b465ee728b)  -> (artifact id: 'fa8aa861eb968cd6b4ee9d66a3e56c67') in 0.002749 seconds
  Import took 0.005130 seconds .

========================================================================
Received Import Request.
  Time since last request: 0.005803 seconds.
  path: Assets/Example2/SecondControl.cs
  artifactKey: Guid(27a6fcd94b45d144190a39bab2a573a6) Importer(815301076,1909f56bfc062723c751e8b465ee728b)
Start importing Assets/Example2/SecondControl.cs using Guid(27a6fcd94b45d144190a39bab2a573a6) Importer(815301076,1909f56bfc062723c751e8b465ee728b)  -> (artifact id: 'fa8aa861eb968cd6b4ee9d66a3e56c67') in 0.003062 seconds
  Import took 0.005574 seconds .

AssetImportWorkerClient::OnTransportError - code=2 error=End of file
